[rg-1138-no-ignore-dot] 1/3 실행 중… (시드 0)
(심링크 건너뜀: tasks-real/rg-1138-no-ignore-dot/fixture/HomebrewFormula)
[rg-1138-no-ignore-dot] 1/3 — 실패 (RepetitionStop, 7턴, 199.3s)
[rg-1138-no-ignore-dot] 2/3 실행 중… (시드 1)
(심링크 건너뜀: tasks-real/rg-1138-no-ignore-dot/fixture/HomebrewFormula)
[rg-1138-no-ignore-dot] 2/3 — 실패 (RepetitionStop, 13턴, 218.3s)
[rg-1138-no-ignore-dot] 3/3 실행 중… (시드 2)
(심링크 건너뜀: tasks-real/rg-1138-no-ignore-dot/fixture/HomebrewFormula)
[rg-1138-no-ignore-dot] 3/3 — 실패 (RepetitionStop, 9턴, 86.4s)
[rg-1159-exit-status] 1/3 실행 중… (시드 0)
(심링크 건너뜀: tasks-real/rg-1159-exit-status/fixture/HomebrewFormula)
[rg-1159-exit-status] 1/3 — 실패 (MaxTurns, 25턴, 484.6s)
[rg-1159-exit-status] 2/3 실행 중… (시드 1)
(심링크 건너뜀: tasks-real/rg-1159-exit-status/fixture/HomebrewFormula)
[rg-1159-exit-status] 2/3 — 실패 (MaxTurns, 24턴, 434.7s)
[rg-1159-exit-status] 3/3 실행 중… (시드 2)
(심링크 건너뜀: tasks-real/rg-1159-exit-status/fixture/HomebrewFormula)
[rg-1159-exit-status] 3/3 — 실패 (Timeout, 23턴, 605.0s)
[rg-1176-fixed-strings-file] 1/3 실행 중… (시드 0)
(심링크 건너뜀: tasks-real/rg-1176-fixed-strings-file/fixture/HomebrewFormula)
[rg-1176-fixed-strings-file] 1/3 — 실패 (MaxTurns, 25턴, 240.0s)
[rg-1176-fixed-strings-file] 2/3 실행 중… (시드 1)
(심링크 건너뜀: tasks-real/rg-1176-fixed-strings-file/fixture/HomebrewFormula)
[rg-1176-fixed-strings-file] 2/3 — 실패 (MaxTurns, 23턴, 449.5s)
[rg-1176-fixed-strings-file] 3/3 실행 중… (시드 2)
(심링크 건너뜀: tasks-real/rg-1176-fixed-strings-file/fixture/HomebrewFormula)
[rg-1176-fixed-strings-file] 3/3 — 실패 (MaxTurns, 25턴, 259.7s)
[rg-1293-glob-case-insensitive] 1/3 실행 중… (시드 0)
(심링크 건너뜀: tasks-real/rg-1293-glob-case-insensitive/fixture/HomebrewFormula)
[rg-1293-glob-case-insensitive] 1/3 — 실패 (MaxTurns, 25턴, 257.9s)
[rg-1293-glob-case-insensitive] 2/3 실행 중… (시드 1)
(심링크 건너뜀: tasks-real/rg-1293-glob-case-insensitive/fixture/HomebrewFormula)
[rg-1293-glob-case-insensitive] 2/3 — 실패 (Timeout, 6턴, 605.0s)
[rg-1293-glob-case-insensitive] 3/3 실행 중… (시드 2)
(심링크 건너뜀: tasks-real/rg-1293-glob-case-insensitive/fixture/HomebrewFormula)
[rg-1293-glob-case-insensitive] 3/3 — 실패 (Finished, 7턴, 106.3s)
과제                                통과      엄격      평균 턴      평균 시간
rg-1138-no-ignore-dot            0/3     0/3       9.7     168.0s
rg-1159-exit-status              0/3     0/3      24.0     508.1s
rg-1176-fixed-strings-file       0/3     0/3      24.3     316.4s
rg-1293-glob-case-insensitive     0/3     0/3      12.7     323.1s
전체 통과율 0.0% (0/12) · 엄격 0.0% (0/12) · 거짓 성공 finish 1 · 평균 328.9s/런 (시드 0부터, timeout×1)

리포트: /Users/sgj/develop/loco/.loco/eval/20260721T072200Z/report.json
