· Let me look at the args.rs file to understand how --passthru and context options are parsed.
→ read_file crates/core/args.rs
· I need to find the passthru-related code to understand how it interacts with context options.
→ read_file crates/core/args.rs
· Let me search for passthru in the args.rs file.
→ grep "passthru" crates/core/args.rs
· Let me see the broader context around the passthru line.
→ read_file crates/core/args.rs
· Let me look at the SearcherBuilder to understand how passthru and context interact.
→ read_file crates/grep/src/searcher.rs
· Let me list the grep crate source files.
→ list_files crates/grep/src
· Let me search for SearcherBuilder in the grep crate.
→ read_file crates/grep/src/lib.rs
· Let me look at the grep_searcher crate.
→ list_files crates/grep/src
· Let me list the grep crate directory.
→ list_files crates/grep
· Let me look at the grep_searcher crate.
→ list_files crates/grep_searcher
· Let me look at the grep_searcher crate.
→ list_files crates/grep_searcher
· Let me read the grep Cargo.toml to understand the crate structure.
→ read_file crates/grep
· Let me read the grep Cargo.toml to understand the crate structure.
→ read_file crates/grep/Cargo.toml
· Let me look at the searcher crate.
→ list_files crates/searcher
· Let me read the searcher module to understand the SearcherBuilder.
→ read_file crates/searcher/src/searcher/mod.rs
· Let me continue reading the searcher module.
→ read_file crates/searcher/src/searcher/mod.rs
· Let me continue reading the SearcherBuilder.
→ read_file crates/searcher/src/searcher/mod.rs
(응답이 잘림 — 더 짧게 다시 요청)
· Let me continue reading the SearcherBuilder to see the passthru method.
→ read_file crates/searcher/src/searcher/mod.rs
· Now I understand the issue. In the `build` method, when `passthru` is true, it unconditionally sets `before_context` and `after_context` to 0, ignoring any values set by the user. The fix should be to only zero them out if they haven't been explicitly set. Let me look at the full build method and the Config struct to plan the fix.
→ read_file crates/searcher/src/searcher/mod.rs
· Change after_context and before_context from usize to Option<usize> so we can distinguish between 'not set' and 'set to 0'.
→ edit_file crates/searcher/src/searcher/mod.rs
· Update the Default impl to use None for after_context and before_context.
→ edit_file crates/searcher/src/searcher/mod.rs
· Update max_context to handle Option<usize>.
→ edit_file crates/searcher/src/searcher/mod.rs
· Update the build method to only zero out context when passthru is enabled and the user hasn't explicitly set it.
→ edit_file crates/searcher/src/searcher/mod.rs
· Let me read the SearcherBuilder methods for after_context and before_context.
→ read_file crates/searcher/src/searcher/mod.rs
· Update after_context method to use Option<usize>.
→ edit_file crates/searcher/src/searcher/mod.rs
· Let me read the exact text around after_context.
→ read_file crates/searcher/src/searcher/mod.rs
· Let me read the exact text around after_context to make the edit.
→ read_file crates/searcher/src/searcher/mod.rs
· Let me read the exact text around after_context to make the edit.
→ read_file crates/searcher/src/searcher/mod.rs
· Let me read the exact text around after_context to make the edit.
→ read_file crates/searcher/src/searcher/mod.rs
(반복 감지 — 교정 메시지 주입)
· Update after_context method to use Option<usize>.
→ edit_file crates/searcher/src/searcher/mod.rs
· Update before_context method to use Option<usize>.
→ edit_file crates/searcher/src/searcher/mod.rs
· Let me update the passthru doc comment to reflect the new behavior.
→ edit_file crates/searcher/src/searcher/mod.rs
· Let me read the exact text around passthru to make the edit.
→ read_file crates/searcher/src/searcher/mod.rs
· Update the passthru doc comment to reflect the new behavior.
→ edit_file crates/searcher/src/searcher/mod.rs
· Let me check if line_buffer needs any changes for the Option<usize> types.
→ edit_file crates/searcher/src/searcher/mod.rs
· Let me run the tests for the grep-searcher crate to verify my changes compile and work correctly.
→ run_command cargo test -p grep-searcher 2>&1 | head -50
· Let me find all places where before_context and after_context are used in core.rs.
→ run_command grep -n 'before_context\|after_context' crates/searcher/src/searcher/core.rs | head -30
· Let me read the relevant sections of core.rs to understand the changes needed.
→ run_command sed -n '165,225p' crates/searcher/src/searcher/core.rs
· Let me read more of core.rs to understand all the changes needed.
→ run_command sed -n '440,560p' crates/searcher/src/searcher/core.rs
· Update the before_context check in core.rs.
→ edit_file crates/searcher/src/searcher/core.rs
· Let me find all places where after_context and before_context are used in core.rs.
→ run_command grep -n 'after_context_left\|before_context\|after_context' crates/searcher/src/searcher/core.rs
· Update the before_context - 1 usage in core.rs.
→ edit_file crates/searcher/src/searcher/core.rs
· Update the after_context_left assignment in core.rs.
→ edit_file crates/searcher/src/searcher/core.rs
· Update the sink_break_context method to handle Option types.
→ edit_file crates/searcher/src/searcher/core.rs
· The sink_after_context function needs to handle the case where after_context_left is 0, which now means "no more context to sink" rather than "context count is 0".
→ edit_file crates/searcher/src/searcher/core.rs
· Let me verify the changes compile and tests pass.
→ run_command cargo test -p grep-searcher 2>&1 | tail -30
· Let me find the after_context and before_context methods in mod.rs.
→ run_command grep -n 'pub fn after_context\|pub fn before_context' crates/searcher/src/searcher/mod.rs
· Let me read the after_context and before_context methods in mod.rs.
→ run_command sed -n '870,890p' crates/searcher/src/searcher/mod.rs
· Update the after_context getter method to handle Option<usize>.
→ edit_file crates/searcher/src/searcher/mod.rs
(최대 턴 50회 도달 — 조기 종료)
